<?xml version="1.0" encoding="UTF-8"?>
<!-- Generated by org.testng.reporters.JUnitXMLReporter -->
<testsuite ignored="0" hostname="INLEN8520087177" failures="0" tests="7" name="Test" time="26.789" errors="0" timestamp="2022-12-19T13:40:48 IST">
  <testcase classname="tests.LoginTest" name="loginWithValidCredentials" time="1.424"/>
  <testcase classname="tests.LoginTest" name="loginWithValidCredentials" time="1.406"/>
  <testcase classname="tests.LoginTest" name="loginWithValidCredentials" time="0.865"/>
  <testcase classname="tests.LoginTest" name="loginWithInvalidEmailAndValidPassword" time="1.076"/>
  <testcase classname="tests.LoginTest" name="loginWithValidEmailAndInvalidPassword" time="1.137"/>
  <testcase classname="tests.LoginTest" name="loginWithInvalidCredentials" time="1.029"/>
  <testcase classname="tests.LoginTest" name="loginWithoutProvidingAnyCredentials" time="0.96"/>
</testsuite> <!-- Test -->
